0 info it worked if it ends with ok
1 verbose cli [ 'F:\\nodejs\\node.exe',
1 verbose cli   'F:\\nodejs\\node_modules\\npm\\bin\\npm-cli.js',
1 verbose cli   'start' ]
2 info using npm@3.10.10
3 info using node@v6.11.3
4 verbose run-script [ 'prestart', 'start', 'poststart' ]
5 info lifecycle ecblog@0.0.0~prestart: ecblog@0.0.0
6 silly lifecycle ecblog@0.0.0~prestart: no script for prestart, continuing
7 info lifecycle ecblog@0.0.0~start: ecblog@0.0.0
8 verbose lifecycle ecblog@0.0.0~start: unsafe-perm in lifecycle true
9 verbose lifecycle ecblog@0.0.0~start: PATH: F:\nodejs\node_modules\npm\bin\node-gyp-bin;C:\Users\lenovo\project\ecblog\node_modules\.bin;C:\Users\lenovo\AppData\Roaming\npm;F:\nodejs\;C:\ProgramData\Oracle\Java\javapath;C:\Program Files (x86)\NVIDIA Corporation\PhysX\Common;C:\Program Files (x86)\Lenovo\FusionEngine;C:\Program Files (x86)\Intel\iCLS Client\;C:\Program Files\Intel\iCLS Client\;C:\WINDOWS\system32;C:\WINDOWS;C:\WINDOWS\System32\Wbem;C:\WINDOWS\System32\WindowsPowerShell\v1.0\;C:\Program Files (x86)\ATI Technologies\ATI.ACE\Core-Static;C:\Program Files\Intel\Intel(R) Management Engine Components\DAL;C:\Program Files (x86)\Intel\Intel(R) Management Engine Components\DAL;C:\Program Files\Intel\Intel(R) Management Engine Components\IPT;C:\Program Files (x86)\Intel\Intel(R) Management Engine Components\IPT;C:\Program Files\Lenovo\Bluetooth Software\;C:\Program Files\Lenovo\Bluetooth Software\syswow64;C:\Program Files (x86)\Common Files\lenovo\easyplussdk\bin;C:\Program Files (x86)\Lenovo\Lenovo Home\;C:\WINDOWS\system32\config\systemprofile\.dnx\bin;C:\Program Files\Microsoft DNX\Dnvm\;C:\Program Files\Microsoft SQL Server\130\Tools\Binn\;F:\less\less.js-windows-master;C:\Program Files\Microsoft SQL Server\Client SDK\ODBC\130\Tools\Binn\;C:\Program Files (x86)\Microsoft SQL Server\130\Tools\Binn\;C:\Program Files\Microsoft SQL Server\130\DTS\Binn\;C:\Program Files (x86)\Microsoft SQL Server\Client SDK\ODBC\130\Tools\Binn\;C:\Program Files (x86)\Microsoft SQL Server\130\DTS\Binn\;C:\Program Files (x86)\Microsoft SQL Server\130\Tools\Binn\ManagementStudio\;C:\Program Files\Java\jre1.8.0_131\bin;F:\nodejs\;F:\git\Git\cmd;F:\sass\Ruby23-x64\bin;C:\Users\lenovo\AppData\Local\Microsoft\WindowsApps;F:\less\less.js-windows-master;C:\Program Files\Java\jre1.8.0_131\bin;F:\nodejs\node_global\;C:\Users\lenovo\AppData\Roaming\npm
10 verbose lifecycle ecblog@0.0.0~start: CWD: C:\Users\lenovo\project\ecblog
11 silly lifecycle ecblog@0.0.0~start: Args: [ '/d /s /c', 'node ./bin/www' ]
12 silly lifecycle ecblog@0.0.0~start: Returned: code: 1  signal: null
13 info lifecycle ecblog@0.0.0~start: Failed to exec start script
14 verbose stack Error: ecblog@0.0.0 start: `node ./bin/www`
14 verbose stack Exit status 1
14 verbose stack     at EventEmitter.<anonymous> (F:\nodejs\node_modules\npm\lib\utils\lifecycle.js:255:16)
14 verbose stack     at emitTwo (events.js:106:13)
14 verbose stack     at EventEmitter.emit (events.js:191:7)
14 verbose stack     at ChildProcess.<anonymous> (F:\nodejs\node_modules\npm\lib\utils\spawn.js:40:14)
14 verbose stack     at emitTwo (events.js:106:13)
14 verbose stack     at ChildProcess.emit (events.js:191:7)
14 verbose stack     at maybeClose (internal/child_process.js:920:16)
14 verbose stack     at Process.ChildProcess._handle.onexit (internal/child_process.js:230:5)
15 verbose pkgid ecblog@0.0.0
16 verbose cwd C:\Users\lenovo\project\ecblog
17 error Windows_NT 10.0.14393
18 error argv "F:\\nodejs\\node.exe" "F:\\nodejs\\node_modules\\npm\\bin\\npm-cli.js" "start"
19 error node v6.11.3
20 error npm  v3.10.10
21 error code ELIFECYCLE
22 error ecblog@0.0.0 start: `node ./bin/www`
22 error Exit status 1
23 error Failed at the ecblog@0.0.0 start script 'node ./bin/www'.
23 error Make sure you have the latest version of node.js and npm installed.
23 error If you do, this is most likely a problem with the ecblog package,
23 error not with npm itself.
23 error Tell the author that this fails on your system:
23 error     node ./bin/www
23 error You can get information on how to open an issue for this project with:
23 error     npm bugs ecblog
23 error Or if that isn't available, you can get their info via:
23 error     npm owner ls ecblog
23 error There is likely additional logging output above.
24 verbose exit [ 1, true ]
